[INFO] [2016-08-03 22:30:12][org.springframework.web.context.ContextLoader]Root WebApplicationContext: initialization started
 [INFO] [2016-08-03 22:30:12][org.springframework.web.context.support.XmlWebApplicationContext]Refreshing Root WebApplicationContext: startup date [Wed Aug 03 22:30:12 CST 2016]; root of context hierarchy
 [INFO] [2016-08-03 22:30:12][org.springframework.beans.factory.xml.XmlBeanDefinitionReader]Loading XML bean definitions from class path resource [spring-mybatis.xml]
 [INFO] [2016-08-03 22:30:38][org.springframework.web.context.ContextLoader]Root WebApplicationContext: initialization started
 [INFO] [2016-08-03 22:30:38][org.springframework.web.context.support.XmlWebApplicationContext]Refreshing Root WebApplicationContext: startup date [Wed Aug 03 22:30:38 CST 2016]; root of context hierarchy
 [INFO] [2016-08-03 22:30:38][org.springframework.beans.factory.xml.XmlBeanDefinitionReader]Loading XML bean definitions from class path resource [spring-mybatis.xml]
 [INFO] [2016-08-03 22:30:39][org.springframework.beans.factory.xml.XmlBeanDefinitionReader]Loading XML bean definitions from class path resource [spring-shiro-web.xml]
 [INFO] [2016-08-03 22:30:39][org.springframework.beans.factory.config.PropertyPlaceholderConfigurer]Loading properties file from class path resource [jdbc.properties]
 [INFO] [2016-08-03 22:30:39][org.springframework.beans.factory.annotation.AutowiredAnnotationBeanPostProcessor]JSR-330 'javax.inject.Inject' annotation found and supported for autowiring
 [INFO] [2016-08-03 22:30:40][org.springframework.context.support.PostProcessorRegistrationDelegate$BeanPostProcessorChecker]Bean 'dataSource' of type [class org.apache.commons.dbcp.BasicDataSource] is not eligible for getting processed by all BeanPostProcessors (for example: not eligible for auto-proxying)
 [INFO] [2016-08-03 22:30:41][org.springframework.context.support.PostProcessorRegistrationDelegate$BeanPostProcessorChecker]Bean 'sqlSessionFactory' of type [class org.mybatis.spring.SqlSessionFactoryBean] is not eligible for getting processed by all BeanPostProcessors (for example: not eligible for auto-proxying)
 [INFO] [2016-08-03 22:30:41][org.springframework.context.support.PostProcessorRegistrationDelegate$BeanPostProcessorChecker]Bean 'sqlSessionFactory' of type [class org.apache.ibatis.session.defaults.DefaultSqlSessionFactory] is not eligible for getting processed by all BeanPostProcessors (for example: not eligible for auto-proxying)
 [INFO] [2016-08-03 22:30:41][org.springframework.context.support.PostProcessorRegistrationDelegate$BeanPostProcessorChecker]Bean 'userDao' of type [class org.mybatis.spring.mapper.MapperFactoryBean] is not eligible for getting processed by all BeanPostProcessors (for example: not eligible for auto-proxying)
 [INFO] [2016-08-03 22:30:41][org.springframework.context.support.PostProcessorRegistrationDelegate$BeanPostProcessorChecker]Bean 'userDao' of type [class com.sun.proxy.$Proxy14] is not eligible for getting processed by all BeanPostProcessors (for example: not eligible for auto-proxying)
 [INFO] [2016-08-03 22:30:41][org.springframework.context.support.PostProcessorRegistrationDelegate$BeanPostProcessorChecker]Bean 'userService' of type [class site.nebulas.service.UserService] is not eligible for getting processed by all BeanPostProcessors (for example: not eligible for auto-proxying)
 [INFO] [2016-08-03 22:30:42][org.springframework.context.support.PostProcessorRegistrationDelegate$BeanPostProcessorChecker]Bean 'cacheManager' of type [class org.apache.shiro.cache.ehcache.EhCacheManager] is not eligible for getting processed by all BeanPostProcessors (for example: not eligible for auto-proxying)
 [INFO] [2016-08-03 22:30:42][org.apache.shiro.cache.ehcache.EhCacheManager]Using existing EHCache named [passwordRetryCache]
 [INFO] [2016-08-03 22:30:42][org.springframework.context.support.PostProcessorRegistrationDelegate$BeanPostProcessorChecker]Bean 'credentialsMatcher' of type [class site.nebulas.credentials.RetryLimitHashedCredentialsMatcher] is not eligible for getting processed by all BeanPostProcessors (for example: not eligible for auto-proxying)
 [INFO] [2016-08-03 22:30:42][org.apache.shiro.realm.AuthorizingRealm]No cache or cacheManager properties have been set.  Authorization cache cannot be obtained.
 [INFO] [2016-08-03 22:30:42][org.springframework.context.support.PostProcessorRegistrationDelegate$BeanPostProcessorChecker]Bean 'userRealm' of type [class site.nebulas.realm.UserRealm] is not eligible for getting processed by all BeanPostProcessors (for example: not eligible for auto-proxying)
 [INFO] [2016-08-03 22:30:42][org.springframework.context.support.PostProcessorRegistrationDelegate$BeanPostProcessorChecker]Bean 'sessionValidationScheduler' of type [class org.apache.shiro.session.mgt.quartz.QuartzSessionValidationScheduler] is not eligible for getting processed by all BeanPostProcessors (for example: not eligible for auto-proxying)
 [INFO] [2016-08-03 22:30:42][org.springframework.context.support.PostProcessorRegistrationDelegate$BeanPostProcessorChecker]Bean 'sessionIdGenerator' of type [class org.apache.shiro.session.mgt.eis.JavaUuidSessionIdGenerator] is not eligible for getting processed by all BeanPostProcessors (for example: not eligible for auto-proxying)
 [INFO] [2016-08-03 22:30:42][org.springframework.context.support.PostProcessorRegistrationDelegate$BeanPostProcessorChecker]Bean 'sessionDAO' of type [class org.apache.shiro.session.mgt.eis.EnterpriseCacheSessionDAO] is not eligible for getting processed by all BeanPostProcessors (for example: not eligible for auto-proxying)
 [INFO] [2016-08-03 22:30:42][org.springframework.context.support.PostProcessorRegistrationDelegate$BeanPostProcessorChecker]Bean 'sessionIdCookie' of type [class org.apache.shiro.web.servlet.SimpleCookie] is not eligible for getting processed by all BeanPostProcessors (for example: not eligible for auto-proxying)
 [INFO] [2016-08-03 22:30:42][org.springframework.context.support.PostProcessorRegistrationDelegate$BeanPostProcessorChecker]Bean 'sessionManager' of type [class org.apache.shiro.web.session.mgt.DefaultWebSessionManager] is not eligible for getting processed by all BeanPostProcessors (for example: not eligible for auto-proxying)
 [INFO] [2016-08-03 22:30:42][org.apache.shiro.cache.ehcache.EhCacheManager]Using existing EHCache named [authenticationCache]
 [INFO] [2016-08-03 22:30:42][org.apache.shiro.cache.ehcache.EhCacheManager]Using existing EHCache named [authorizationCache]
 [INFO] [2016-08-03 22:30:42][org.springframework.context.support.PostProcessorRegistrationDelegate$BeanPostProcessorChecker]Bean 'securityManager' of type [class org.apache.shiro.web.mgt.DefaultWebSecurityManager] is not eligible for getting processed by all BeanPostProcessors (for example: not eligible for auto-proxying)
 [INFO] [2016-08-03 22:30:42][org.springframework.context.support.PostProcessorRegistrationDelegate$BeanPostProcessorChecker]Bean 'formAuthenticationFilter' of type [class org.apache.shiro.web.filter.authc.FormAuthenticationFilter] is not eligible for getting processed by all BeanPostProcessors (for example: not eligible for auto-proxying)
 [INFO] [2016-08-03 22:30:42][org.springframework.context.support.PostProcessorRegistrationDelegate$BeanPostProcessorChecker]Bean 'util:map#72237be8' of type [class org.springframework.beans.factory.config.MapFactoryBean] is not eligible for getting processed by all BeanPostProcessors (for example: not eligible for auto-proxying)
 [INFO] [2016-08-03 22:30:42][org.springframework.context.support.PostProcessorRegistrationDelegate$BeanPostProcessorChecker]Bean 'util:map#72237be8' of type [class java.util.LinkedHashMap] is not eligible for getting processed by all BeanPostProcessors (for example: not eligible for auto-proxying)
 [INFO] [2016-08-03 22:30:43][org.springframework.web.context.ContextLoader]Root WebApplicationContext: initialization completed in 5179 ms
 [INFO] [2016-08-03 22:30:43][org.springframework.web.servlet.DispatcherServlet]FrameworkServlet 'SpringMVC': initialization started
 [INFO] [2016-08-03 22:30:43][org.springframework.web.context.support.XmlWebApplicationContext]Refreshing WebApplicationContext for namespace 'SpringMVC-servlet': startup date [Wed Aug 03 22:30:43 CST 2016]; parent: Root WebApplicationContext
 [INFO] [2016-08-03 22:30:43][org.springframework.beans.factory.xml.XmlBeanDefinitionReader]Loading XML bean definitions from class path resource [spring-mvc.xml]
 [INFO] [2016-08-03 22:30:43][org.springframework.beans.factory.annotation.AutowiredAnnotationBeanPostProcessor]JSR-330 'javax.inject.Inject' annotation found and supported for autowiring
 [INFO] [2016-08-03 22:30:44][org.springframework.web.servlet.mvc.method.annotation.RequestMappingHandlerMapping]Mapped "{[/book],methods=[],params=[],headers=[],consumes=[],produces=[],custom=[]}" onto public org.springframework.web.servlet.ModelAndView site.nebulas.controller.BookController.operationLog()
 [INFO] [2016-08-03 22:30:44][org.springframework.web.servlet.mvc.method.annotation.RequestMappingHandlerMapping]Mapped "{[/bookQueryByParam],methods=[],params=[],headers=[],consumes=[],produces=[],custom=[]}" onto public java.lang.Object site.nebulas.controller.BookController.bookQueryByParam(site.nebulas.beans.Book)
 [INFO] [2016-08-03 22:30:44][org.springframework.web.servlet.mvc.method.annotation.RequestMappingHandlerMapping]Mapped "{[/hello],methods=[],params=[],headers=[],consumes=[],produces=[],custom=[]}" onto public java.lang.String site.nebulas.controller.helloController.hello()
 [INFO] [2016-08-03 22:30:44][org.springframework.web.servlet.mvc.method.annotation.RequestMappingHandlerMapping]Mapped "{[/index],methods=[],params=[],headers=[],consumes=[],produces=[],custom=[]}" onto public org.springframework.web.servlet.ModelAndView site.nebulas.controller.ShiroController.index()
 [INFO] [2016-08-03 22:30:44][org.springframework.web.servlet.mvc.method.annotation.RequestMappingHandlerMapping]Mapped "{[/login],methods=[],params=[],headers=[],consumes=[],produces=[],custom=[]}" onto public org.springframework.web.servlet.ModelAndView site.nebulas.controller.ShiroController.login()
 [INFO] [2016-08-03 22:30:44][org.springframework.web.servlet.mvc.method.annotation.RequestMappingHandlerMapping]Mapped "{[/loginIn],methods=[],params=[],headers=[],consumes=[],produces=[],custom=[]}" onto public java.lang.Object site.nebulas.controller.ShiroController.loginIn(site.nebulas.beans.User)
 [INFO] [2016-08-03 22:30:44][net.sf.ehcache.util.UpdateChecker]New update(s) found: 2.6.5 [http://www.terracotta.org/confluence/display/release/Release+Notes+Ehcache+Core+2.6]. Please check http://ehcache.org for the latest version.
 [INFO] [2016-08-03 22:30:46][org.springframework.web.servlet.handler.SimpleUrlHandlerMapping]Mapped URL path [/resources/**] onto handler 'org.springframework.web.servlet.resource.ResourceHttpRequestHandler#0'
 [INFO] [2016-08-03 22:30:46][org.springframework.web.servlet.handler.SimpleUrlHandlerMapping]Mapped URL path [/static/**] onto handler 'org.springframework.web.servlet.resource.ResourceHttpRequestHandler#1'
 [INFO] [2016-08-03 22:30:46][org.springframework.web.servlet.DispatcherServlet]FrameworkServlet 'SpringMVC': initialization completed in 3361 ms
 [INFO] [2016-08-03 22:30:49][org.apache.shiro.session.mgt.AbstractValidatingSessionManager]Enabling session validation scheduler...
 [INFO] [2016-08-03 22:30:49][org.quartz.simpl.SimpleThreadPool]Job execution threads will use class loader of thread: qtp832947102-23
 [INFO] [2016-08-03 22:30:49][org.quartz.core.SchedulerSignalerImpl]Initialized Scheduler Signaller of type: class org.quartz.core.SchedulerSignalerImpl
 [INFO] [2016-08-03 22:30:49][org.quartz.core.QuartzScheduler]Quartz Scheduler v.1.6.1 created.
 [INFO] [2016-08-03 22:30:49][org.quartz.simpl.RAMJobStore]RAMJobStore initialized.
 [INFO] [2016-08-03 22:30:49][org.quartz.impl.StdSchedulerFactory]Quartz scheduler 'DefaultQuartzScheduler' initialized from default resource file in Quartz package: 'quartz.properties'
 [INFO] [2016-08-03 22:30:49][org.quartz.impl.StdSchedulerFactory]Quartz scheduler version: 1.6.1
 [INFO] [2016-08-03 22:30:49][org.quartz.core.QuartzScheduler]Scheduler DefaultQuartzScheduler_$_NON_CLUSTERED started.
 [INFO] [2016-08-03 22:30:49][org.apache.shiro.session.mgt.AbstractValidatingSessionManager]Validating all active sessions...
 [INFO] [2016-08-03 22:30:49][org.apache.shiro.cache.ehcache.EhCacheManager]Using existing EHCache named [shiro-activeSessionCache]
 [INFO] [2016-08-03 22:30:49][org.apache.shiro.session.mgt.AbstractValidatingSessionManager]Finished session validation.  No sessions were stopped.
 [WARN] [2016-08-03 22:30:49][org.apache.shiro.mgt.DefaultSecurityManager]Delegate RememberMeManager instance of type [org.apache.shiro.web.mgt.CookieRememberMeManager] threw an exception during getRememberedPrincipals().
 org.apache.shiro.io.SerializationException: Unable to deserialze argument byte array.
	at org.apache.shiro.io.DefaultSerializer.deserialize(DefaultSerializer.java:82)
	at org.apache.shiro.mgt.AbstractRememberMeManager.deserialize(AbstractRememberMeManager.java:514)
	at org.apache.shiro.mgt.AbstractRememberMeManager.convertBytesToPrincipals(AbstractRememberMeManager.java:431)
	at org.apache.shiro.mgt.AbstractRememberMeManager.getRememberedPrincipals(AbstractRememberMeManager.java:396)
	at org.apache.shiro.mgt.DefaultSecurityManager.getRememberedIdentity(DefaultSecurityManager.java:604)
	at org.apache.shiro.mgt.DefaultSecurityManager.resolvePrincipals(DefaultSecurityManager.java:492)
	at org.apache.shiro.mgt.DefaultSecurityManager.createSubject(DefaultSecurityManager.java:342)
	at org.apache.shiro.subject.Subject$Builder.buildSubject(Subject.java:846)
	at org.apache.shiro.web.subject.WebSubject$Builder.buildWebSubject(WebSubject.java:148)
	at org.apache.shiro.web.servlet.AbstractShiroFilter.createSubject(AbstractShiroFilter.java:292)
	at org.apache.shiro.web.servlet.AbstractShiroFilter.doFilterInternal(AbstractShiroFilter.java:359)
	at org.apache.shiro.web.servlet.OncePerRequestFilter.doFilter(OncePerRequestFilter.java:125)
	at org.springframework.web.filter.DelegatingFilterProxy.invokeDelegate(DelegatingFilterProxy.java:344)
	at org.springframework.web.filter.DelegatingFilterProxy.doFilter(DelegatingFilterProxy.java:261)
	at org.eclipse.jetty.servlet.ServletHandler$CachedChain.doFilter(ServletHandler.java:1333)
	at org.springframework.web.filter.CharacterEncodingFilter.doFilterInternal(CharacterEncodingFilter.java:88)
	at org.springframework.web.filter.OncePerRequestFilter.doFilter(OncePerRequestFilter.java:108)
	at org.eclipse.jetty.servlet.ServletHandler$CachedChain.doFilter(ServletHandler.java:1333)
	at org.eclipse.jetty.servlet.ServletHandler.doHandle(ServletHandler.java:487)
	at org.eclipse.jetty.server.handler.ScopedHandler.handle(ScopedHandler.java:119)
	at org.eclipse.jetty.security.SecurityHandler.handle(SecurityHandler.java:520)
	at org.eclipse.jetty.server.session.SessionHandler.doHandle(SessionHandler.java:233)
	at org.eclipse.jetty.server.handler.ContextHandler.doHandle(ContextHandler.java:972)
	at org.eclipse.jetty.servlet.ServletHandler.doScope(ServletHandler.java:417)
	at org.eclipse.jetty.server.session.SessionHandler.doScope(SessionHandler.java:192)
	at org.eclipse.jetty.server.handler.ContextHandler.doScope(ContextHandler.java:906)
	at org.eclipse.jetty.server.handler.ScopedHandler.handle(ScopedHandler.java:117)
	at org.eclipse.jetty.server.handler.HandlerWrapper.handle(HandlerWrapper.java:110)
	at org.eclipse.jetty.server.Server.handle(Server.java:350)
	at org.eclipse.jetty.server.HttpConnection.handleRequest(HttpConnection.java:442)
	at org.eclipse.jetty.server.HttpConnection$RequestHandler.headerComplete(HttpConnection.java:910)
	at org.eclipse.jetty.http.HttpParser.parseNext(HttpParser.java:565)
	at org.eclipse.jetty.http.HttpParser.parseAvailable(HttpParser.java:217)
	at org.eclipse.jetty.server.AsyncHttpConnection.handle(AsyncHttpConnection.java:46)
	at org.eclipse.jetty.io.nio.SelectChannelEndPoint.handle(SelectChannelEndPoint.java:545)
	at org.eclipse.jetty.io.nio.SelectChannelEndPoint$1.run(SelectChannelEndPoint.java:43)
	at org.eclipse.jetty.util.thread.QueuedThreadPool.runJob(QueuedThreadPool.java:598)
	at org.eclipse.jetty.util.thread.QueuedThreadPool$3.run(QueuedThreadPool.java:533)
	at java.lang.Thread.run(Thread.java:745)
Caused by: java.lang.ClassNotFoundException: Unable to load ObjectStreamClass [com.thinkgem.jeesite.modules.sys.security.SystemAuthorizingRealm$Principal: static final long serialVersionUID = 1L;]: 
	at org.apache.shiro.io.ClassResolvingObjectInputStream.resolveClass(ClassResolvingObjectInputStream.java:55)
	at java.io.ObjectInputStream.readNonProxyDesc(ObjectInputStream.java:1613)
	at java.io.ObjectInputStream.readClassDesc(ObjectInputStream.java:1518)
	at java.io.ObjectInputStream.readOrdinaryObject(ObjectInputStream.java:1774)
	at java.io.ObjectInputStream.readObject0(ObjectInputStream.java:1351)
	at java.io.ObjectInputStream.readObject(ObjectInputStream.java:371)
	at java.util.HashSet.readObject(HashSet.java:333)
	at sun.reflect.NativeMethodAccessorImpl.invoke0(Native Method)
	at sun.reflect.NativeMethodAccessorImpl.invoke(NativeMethodAccessorImpl.java:62)
	at sun.reflect.DelegatingMethodAccessorImpl.invoke(DelegatingMethodAccessorImpl.java:43)
	at java.lang.reflect.Method.invoke(Method.java:497)
	at java.io.ObjectStreamClass.invokeReadObject(ObjectStreamClass.java:1058)
	at java.io.ObjectInputStream.readSerialData(ObjectInputStream.java:1900)
	at java.io.ObjectInputStream.readOrdinaryObject(ObjectInputStream.java:1801)
	at java.io.ObjectInputStream.readObject0(ObjectInputStream.java:1351)
	at java.io.ObjectInputStream.readObject(ObjectInputStream.java:371)
	at java.util.HashMap.readObject(HashMap.java:1396)
	at sun.reflect.NativeMethodAccessorImpl.invoke0(Native Method)
	at sun.reflect.NativeMethodAccessorImpl.invoke(NativeMethodAccessorImpl.java:62)
	at sun.reflect.DelegatingMethodAccessorImpl.invoke(DelegatingMethodAccessorImpl.java:43)
	at java.lang.reflect.Method.invoke(Method.java:497)
	at java.io.ObjectStreamClass.invokeReadObject(ObjectStreamClass.java:1058)
	at java.io.ObjectInputStream.readSerialData(ObjectInputStream.java:1900)
	at java.io.ObjectInputStream.readOrdinaryObject(ObjectInputStream.java:1801)
	at java.io.ObjectInputStream.readObject0(ObjectInputStream.java:1351)
	at java.io.ObjectInputStream.defaultReadFields(ObjectInputStream.java:2000)
	at java.io.ObjectInputStream.defaultReadObject(ObjectInputStream.java:501)
	at org.apache.shiro.subject.SimplePrincipalCollection.readObject(SimplePrincipalCollection.java:295)
	at sun.reflect.NativeMethodAccessorImpl.invoke0(Native Method)
	at sun.reflect.NativeMethodAccessorImpl.invoke(NativeMethodAccessorImpl.java:62)
	at sun.reflect.DelegatingMethodAccessorImpl.invoke(DelegatingMethodAccessorImpl.java:43)
	at java.lang.reflect.Method.invoke(Method.java:497)
	at java.io.ObjectStreamClass.invokeReadObject(ObjectStreamClass.java:1058)
	at java.io.ObjectInputStream.readSerialData(ObjectInputStream.java:1900)
	at java.io.ObjectInputStream.readOrdinaryObject(ObjectInputStream.java:1801)
	at java.io.ObjectInputStream.readObject0(ObjectInputStream.java:1351)
	at java.io.ObjectInputStream.readObject(ObjectInputStream.java:371)
	at org.apache.shiro.io.DefaultSerializer.deserialize(DefaultSerializer.java:77)
	... 38 more
Caused by: org.apache.shiro.util.UnknownClassException: Unable to load class named [com.thinkgem.jeesite.modules.sys.security.SystemAuthorizingRealm$Principal] from the thread context, current, or system/application ClassLoaders.  All heuristics have been exhausted.  Class could not be found.
	at org.apache.shiro.util.ClassUtils.forName(ClassUtils.java:148)
	at org.apache.shiro.io.ClassResolvingObjectInputStream.resolveClass(ClassResolvingObjectInputStream.java:53)
	... 75 more
[INFO] [2016-08-03 22:32:54][org.springframework.web.context.ContextLoader]Root WebApplicationContext: initialization started
 [INFO] [2016-08-03 22:32:54][org.springframework.web.context.support.XmlWebApplicationContext]Refreshing Root WebApplicationContext: startup date [Wed Aug 03 22:32:54 CST 2016]; root of context hierarchy
 [INFO] [2016-08-03 22:32:54][org.springframework.beans.factory.xml.XmlBeanDefinitionReader]Loading XML bean definitions from class path resource [spring-mybatis.xml]
 [INFO] [2016-08-03 22:32:55][org.springframework.beans.factory.xml.XmlBeanDefinitionReader]Loading XML bean definitions from class path resource [spring-shiro-web.xml]
 [INFO] [2016-08-03 22:32:55][org.springframework.beans.factory.config.PropertyPlaceholderConfigurer]Loading properties file from class path resource [jdbc.properties]
 [INFO] [2016-08-03 22:32:55][org.springframework.beans.factory.annotation.AutowiredAnnotationBeanPostProcessor]JSR-330 'javax.inject.Inject' annotation found and supported for autowiring
 [INFO] [2016-08-03 22:32:56][org.springframework.context.support.PostProcessorRegistrationDelegate$BeanPostProcessorChecker]Bean 'dataSource' of type [class org.apache.commons.dbcp.BasicDataSource] is not eligible for getting processed by all BeanPostProcessors (for example: not eligible for auto-proxying)
 [INFO] [2016-08-03 22:32:56][org.springframework.context.support.PostProcessorRegistrationDelegate$BeanPostProcessorChecker]Bean 'sqlSessionFactory' of type [class org.mybatis.spring.SqlSessionFactoryBean] is not eligible for getting processed by all BeanPostProcessors (for example: not eligible for auto-proxying)
 [INFO] [2016-08-03 22:32:56][org.springframework.context.support.PostProcessorRegistrationDelegate$BeanPostProcessorChecker]Bean 'sqlSessionFactory' of type [class org.apache.ibatis.session.defaults.DefaultSqlSessionFactory] is not eligible for getting processed by all BeanPostProcessors (for example: not eligible for auto-proxying)
 [INFO] [2016-08-03 22:32:56][org.springframework.context.support.PostProcessorRegistrationDelegate$BeanPostProcessorChecker]Bean 'userDao' of type [class org.mybatis.spring.mapper.MapperFactoryBean] is not eligible for getting processed by all BeanPostProcessors (for example: not eligible for auto-proxying)
 [INFO] [2016-08-03 22:32:56][org.springframework.context.support.PostProcessorRegistrationDelegate$BeanPostProcessorChecker]Bean 'userDao' of type [class com.sun.proxy.$Proxy14] is not eligible for getting processed by all BeanPostProcessors (for example: not eligible for auto-proxying)
 [INFO] [2016-08-03 22:32:56][org.springframework.context.support.PostProcessorRegistrationDelegate$BeanPostProcessorChecker]Bean 'userService' of type [class site.nebulas.service.UserService] is not eligible for getting processed by all BeanPostProcessors (for example: not eligible for auto-proxying)
 [INFO] [2016-08-03 22:32:58][org.springframework.context.support.PostProcessorRegistrationDelegate$BeanPostProcessorChecker]Bean 'cacheManager' of type [class org.apache.shiro.cache.ehcache.EhCacheManager] is not eligible for getting processed by all BeanPostProcessors (for example: not eligible for auto-proxying)
 [INFO] [2016-08-03 22:32:58][org.apache.shiro.cache.ehcache.EhCacheManager]Using existing EHCache named [passwordRetryCache]
 [INFO] [2016-08-03 22:32:58][org.springframework.context.support.PostProcessorRegistrationDelegate$BeanPostProcessorChecker]Bean 'credentialsMatcher' of type [class site.nebulas.credentials.RetryLimitHashedCredentialsMatcher] is not eligible for getting processed by all BeanPostProcessors (for example: not eligible for auto-proxying)
 [INFO] [2016-08-03 22:32:58][org.apache.shiro.realm.AuthorizingRealm]No cache or cacheManager properties have been set.  Authorization cache cannot be obtained.
 [INFO] [2016-08-03 22:32:58][org.springframework.context.support.PostProcessorRegistrationDelegate$BeanPostProcessorChecker]Bean 'userRealm' of type [class site.nebulas.realm.UserRealm] is not eligible for getting processed by all BeanPostProcessors (for example: not eligible for auto-proxying)
 [INFO] [2016-08-03 22:32:58][org.springframework.context.support.PostProcessorRegistrationDelegate$BeanPostProcessorChecker]Bean 'sessionValidationScheduler' of type [class org.apache.shiro.session.mgt.quartz.QuartzSessionValidationScheduler] is not eligible for getting processed by all BeanPostProcessors (for example: not eligible for auto-proxying)
 [INFO] [2016-08-03 22:32:58][org.springframework.context.support.PostProcessorRegistrationDelegate$BeanPostProcessorChecker]Bean 'sessionIdGenerator' of type [class org.apache.shiro.session.mgt.eis.JavaUuidSessionIdGenerator] is not eligible for getting processed by all BeanPostProcessors (for example: not eligible for auto-proxying)
 [INFO] [2016-08-03 22:32:58][org.springframework.context.support.PostProcessorRegistrationDelegate$BeanPostProcessorChecker]Bean 'sessionDAO' of type [class org.apache.shiro.session.mgt.eis.EnterpriseCacheSessionDAO] is not eligible for getting processed by all BeanPostProcessors (for example: not eligible for auto-proxying)
 [INFO] [2016-08-03 22:32:58][org.springframework.context.support.PostProcessorRegistrationDelegate$BeanPostProcessorChecker]Bean 'sessionIdCookie' of type [class org.apache.shiro.web.servlet.SimpleCookie] is not eligible for getting processed by all BeanPostProcessors (for example: not eligible for auto-proxying)
 [INFO] [2016-08-03 22:32:58][org.springframework.context.support.PostProcessorRegistrationDelegate$BeanPostProcessorChecker]Bean 'sessionManager' of type [class org.apache.shiro.web.session.mgt.DefaultWebSessionManager] is not eligible for getting processed by all BeanPostProcessors (for example: not eligible for auto-proxying)
 [INFO] [2016-08-03 22:32:58][org.apache.shiro.cache.ehcache.EhCacheManager]Using existing EHCache named [authenticationCache]
 [INFO] [2016-08-03 22:32:58][org.apache.shiro.cache.ehcache.EhCacheManager]Using existing EHCache named [authorizationCache]
 [INFO] [2016-08-03 22:32:58][org.springframework.context.support.PostProcessorRegistrationDelegate$BeanPostProcessorChecker]Bean 'securityManager' of type [class org.apache.shiro.web.mgt.DefaultWebSecurityManager] is not eligible for getting processed by all BeanPostProcessors (for example: not eligible for auto-proxying)
 [INFO] [2016-08-03 22:32:59][org.springframework.context.support.PostProcessorRegistrationDelegate$BeanPostProcessorChecker]Bean 'formAuthenticationFilter' of type [class org.apache.shiro.web.filter.authc.FormAuthenticationFilter] is not eligible for getting processed by all BeanPostProcessors (for example: not eligible for auto-proxying)
 [INFO] [2016-08-03 22:32:59][org.springframework.context.support.PostProcessorRegistrationDelegate$BeanPostProcessorChecker]Bean 'util:map#5e8bd498' of type [class org.springframework.beans.factory.config.MapFactoryBean] is not eligible for getting processed by all BeanPostProcessors (for example: not eligible for auto-proxying)
 [INFO] [2016-08-03 22:32:59][org.springframework.context.support.PostProcessorRegistrationDelegate$BeanPostProcessorChecker]Bean 'util:map#5e8bd498' of type [class java.util.LinkedHashMap] is not eligible for getting processed by all BeanPostProcessors (for example: not eligible for auto-proxying)
 [INFO] [2016-08-03 22:32:59][org.springframework.web.context.ContextLoader]Root WebApplicationContext: initialization completed in 5009 ms
 [INFO] [2016-08-03 22:32:59][org.springframework.web.servlet.DispatcherServlet]FrameworkServlet 'SpringMVC': initialization started
 [INFO] [2016-08-03 22:32:59][org.springframework.web.context.support.XmlWebApplicationContext]Refreshing WebApplicationContext for namespace 'SpringMVC-servlet': startup date [Wed Aug 03 22:32:59 CST 2016]; parent: Root WebApplicationContext
 [INFO] [2016-08-03 22:32:59][org.springframework.beans.factory.xml.XmlBeanDefinitionReader]Loading XML bean definitions from class path resource [spring-mvc.xml]
 [INFO] [2016-08-03 22:32:59][net.sf.ehcache.util.UpdateChecker]New update(s) found: 2.6.5 [http://www.terracotta.org/confluence/display/release/Release+Notes+Ehcache+Core+2.6]. Please check http://ehcache.org for the latest version.
 [INFO] [2016-08-03 22:32:59][org.springframework.beans.factory.annotation.AutowiredAnnotationBeanPostProcessor]JSR-330 'javax.inject.Inject' annotation found and supported for autowiring
 [INFO] [2016-08-03 22:33:00][org.springframework.web.servlet.mvc.method.annotation.RequestMappingHandlerMapping]Mapped "{[/book],methods=[],params=[],headers=[],consumes=[],produces=[],custom=[]}" onto public org.springframework.web.servlet.ModelAndView site.nebulas.controller.BookController.operationLog()
 [INFO] [2016-08-03 22:33:00][org.springframework.web.servlet.mvc.method.annotation.RequestMappingHandlerMapping]Mapped "{[/bookQueryByParam],methods=[],params=[],headers=[],consumes=[],produces=[],custom=[]}" onto public java.lang.Object site.nebulas.controller.BookController.bookQueryByParam(site.nebulas.beans.Book)
 [INFO] [2016-08-03 22:33:00][org.springframework.web.servlet.mvc.method.annotation.RequestMappingHandlerMapping]Mapped "{[/hello],methods=[],params=[],headers=[],consumes=[],produces=[],custom=[]}" onto public java.lang.String site.nebulas.controller.helloController.hello()
 [INFO] [2016-08-03 22:33:00][org.springframework.web.servlet.mvc.method.annotation.RequestMappingHandlerMapping]Mapped "{[/index],methods=[],params=[],headers=[],consumes=[],produces=[],custom=[]}" onto public org.springframework.web.servlet.ModelAndView site.nebulas.controller.ShiroController.index()
 [INFO] [2016-08-03 22:33:00][org.springframework.web.servlet.mvc.method.annotation.RequestMappingHandlerMapping]Mapped "{[/login],methods=[],params=[],headers=[],consumes=[],produces=[],custom=[]}" onto public org.springframework.web.servlet.ModelAndView site.nebulas.controller.ShiroController.login()
 [INFO] [2016-08-03 22:33:00][org.springframework.web.servlet.mvc.method.annotation.RequestMappingHandlerMapping]Mapped "{[/loginIn],methods=[],params=[],headers=[],consumes=[],produces=[],custom=[]}" onto public java.lang.Object site.nebulas.controller.ShiroController.loginIn(site.nebulas.beans.User)
 [INFO] [2016-08-03 22:33:02][org.springframework.web.servlet.handler.SimpleUrlHandlerMapping]Mapped URL path [/resources/**] onto handler 'org.springframework.web.servlet.resource.ResourceHttpRequestHandler#0'
 [INFO] [2016-08-03 22:33:02][org.springframework.web.servlet.handler.SimpleUrlHandlerMapping]Mapped URL path [/static/**] onto handler 'org.springframework.web.servlet.resource.ResourceHttpRequestHandler#1'
 [INFO] [2016-08-03 22:33:02][org.springframework.web.servlet.DispatcherServlet]FrameworkServlet 'SpringMVC': initialization completed in 3008 ms
 [INFO] [2016-08-03 22:33:11][org.apache.shiro.session.mgt.AbstractValidatingSessionManager]Enabling session validation scheduler...
 [INFO] [2016-08-03 22:33:11][org.quartz.simpl.SimpleThreadPool]Job execution threads will use class loader of thread: qtp832947102-18
 [INFO] [2016-08-03 22:33:11][org.quartz.core.SchedulerSignalerImpl]Initialized Scheduler Signaller of type: class org.quartz.core.SchedulerSignalerImpl
 [INFO] [2016-08-03 22:33:11][org.quartz.core.QuartzScheduler]Quartz Scheduler v.1.6.1 created.
 [INFO] [2016-08-03 22:33:11][org.quartz.simpl.RAMJobStore]RAMJobStore initialized.
 [INFO] [2016-08-03 22:33:11][org.quartz.impl.StdSchedulerFactory]Quartz scheduler 'DefaultQuartzScheduler' initialized from default resource file in Quartz package: 'quartz.properties'
 [INFO] [2016-08-03 22:33:11][org.quartz.impl.StdSchedulerFactory]Quartz scheduler version: 1.6.1
 [INFO] [2016-08-03 22:33:11][org.quartz.core.QuartzScheduler]Scheduler DefaultQuartzScheduler_$_NON_CLUSTERED started.
 [INFO] [2016-08-03 22:33:11][org.apache.shiro.cache.ehcache.EhCacheManager]Using existing EHCache named [shiro-activeSessionCache]
 [INFO] [2016-08-03 22:33:11][org.apache.shiro.session.mgt.AbstractValidatingSessionManager]Validating all active sessions...
 [INFO] [2016-08-03 22:33:11][org.apache.shiro.session.mgt.AbstractValidatingSessionManager]Finished session validation.  No sessions were stopped.
 [DEBUG] [2016-08-03 22:33:13][site.nebulas.dao.DailySentenceDao.getDailySentenceByParm]==>  Preparing: select id, sentence, add_time addTime from daily_sentence ORDER BY add_time DESC limit 1 
 [DEBUG] [2016-08-03 22:33:13][site.nebulas.dao.DailySentenceDao.getDailySentenceByParm]==> Parameters: 
 [DEBUG] [2016-08-03 22:33:13][site.nebulas.dao.DailySentenceDao.getDailySentenceByParm]<==      Total: 1
 [DEBUG] [2016-08-03 22:33:13][site.nebulas.dao.DailySentenceDao.getDailySentenceByParm]==>  Preparing: select id, sentence, add_time addTime from daily_sentence ORDER BY add_time DESC limit 1 
 [DEBUG] [2016-08-03 22:33:13][site.nebulas.dao.DailySentenceDao.getDailySentenceByParm]==> Parameters: 
 [DEBUG] [2016-08-03 22:33:13][site.nebulas.dao.DailySentenceDao.getDailySentenceByParm]<==      Total: 1
 [DEBUG] [2016-08-03 22:33:13][site.nebulas.dao.DailySentenceDao.getDailySentenceByParm]==>  Preparing: select id, sentence, add_time addTime from daily_sentence ORDER BY add_time DESC limit 1 
 [DEBUG] [2016-08-03 22:33:13][site.nebulas.dao.DailySentenceDao.getDailySentenceByParm]==> Parameters: 
 [DEBUG] [2016-08-03 22:33:13][site.nebulas.dao.DailySentenceDao.getDailySentenceByParm]<==      Total: 1
 [WARN] [2016-08-03 22:33:56][org.apache.shiro.mgt.DefaultSecurityManager]Delegate RememberMeManager instance of type [org.apache.shiro.web.mgt.CookieRememberMeManager] threw an exception during getRememberedPrincipals().
 org.apache.shiro.io.SerializationException: Unable to deserialze argument byte array.
	at org.apache.shiro.io.DefaultSerializer.deserialize(DefaultSerializer.java:82)
	at org.apache.shiro.mgt.AbstractRememberMeManager.deserialize(AbstractRememberMeManager.java:514)
	at org.apache.shiro.mgt.AbstractRememberMeManager.convertBytesToPrincipals(AbstractRememberMeManager.java:431)
	at org.apache.shiro.mgt.AbstractRememberMeManager.getRememberedPrincipals(AbstractRememberMeManager.java:396)
	at org.apache.shiro.mgt.DefaultSecurityManager.getRememberedIdentity(DefaultSecurityManager.java:604)
	at org.apache.shiro.mgt.DefaultSecurityManager.resolvePrincipals(DefaultSecurityManager.java:492)
	at org.apache.shiro.mgt.DefaultSecurityManager.createSubject(DefaultSecurityManager.java:342)
	at org.apache.shiro.subject.Subject$Builder.buildSubject(Subject.java:846)
	at org.apache.shiro.web.subject.WebSubject$Builder.buildWebSubject(WebSubject.java:148)
	at org.apache.shiro.web.servlet.AbstractShiroFilter.createSubject(AbstractShiroFilter.java:292)
	at org.apache.shiro.web.servlet.AbstractShiroFilter.doFilterInternal(AbstractShiroFilter.java:359)
	at org.apache.shiro.web.servlet.OncePerRequestFilter.doFilter(OncePerRequestFilter.java:125)
	at org.springframework.web.filter.DelegatingFilterProxy.invokeDelegate(DelegatingFilterProxy.java:344)
	at org.springframework.web.filter.DelegatingFilterProxy.doFilter(DelegatingFilterProxy.java:261)
	at org.eclipse.jetty.servlet.ServletHandler$CachedChain.doFilter(ServletHandler.java:1333)
	at org.springframework.web.filter.CharacterEncodingFilter.doFilterInternal(CharacterEncodingFilter.java:88)
	at org.springframework.web.filter.OncePerRequestFilter.doFilter(OncePerRequestFilter.java:108)
	at org.eclipse.jetty.servlet.ServletHandler$CachedChain.doFilter(ServletHandler.java:1333)
	at org.eclipse.jetty.servlet.ServletHandler.doHandle(ServletHandler.java:487)
	at org.eclipse.jetty.server.handler.ScopedHandler.handle(ScopedHandler.java:119)
	at org.eclipse.jetty.security.SecurityHandler.handle(SecurityHandler.java:520)
	at org.eclipse.jetty.server.session.SessionHandler.doHandle(SessionHandler.java:233)
	at org.eclipse.jetty.server.handler.ContextHandler.doHandle(ContextHandler.java:972)
	at org.eclipse.jetty.servlet.ServletHandler.doScope(ServletHandler.java:417)
	at org.eclipse.jetty.server.session.SessionHandler.doScope(SessionHandler.java:192)
	at org.eclipse.jetty.server.handler.ContextHandler.doScope(ContextHandler.java:906)
	at org.eclipse.jetty.server.handler.ScopedHandler.handle(ScopedHandler.java:117)
	at org.eclipse.jetty.server.handler.HandlerWrapper.handle(HandlerWrapper.java:110)
	at org.eclipse.jetty.server.Server.handle(Server.java:350)
	at org.eclipse.jetty.server.HttpConnection.handleRequest(HttpConnection.java:442)
	at org.eclipse.jetty.server.HttpConnection$RequestHandler.headerComplete(HttpConnection.java:910)
	at org.eclipse.jetty.http.HttpParser.parseNext(HttpParser.java:565)
	at org.eclipse.jetty.http.HttpParser.parseAvailable(HttpParser.java:217)
	at org.eclipse.jetty.server.AsyncHttpConnection.handle(AsyncHttpConnection.java:46)
	at org.eclipse.jetty.io.nio.SelectChannelEndPoint.handle(SelectChannelEndPoint.java:545)
	at org.eclipse.jetty.io.nio.SelectChannelEndPoint$1.run(SelectChannelEndPoint.java:43)
	at org.eclipse.jetty.util.thread.QueuedThreadPool.runJob(QueuedThreadPool.java:598)
	at org.eclipse.jetty.util.thread.QueuedThreadPool$3.run(QueuedThreadPool.java:533)
	at java.lang.Thread.run(Thread.java:745)
Caused by: java.lang.ClassNotFoundException: Unable to load ObjectStreamClass [com.thinkgem.jeesite.modules.sys.security.SystemAuthorizingRealm$Principal: static final long serialVersionUID = 1L;]: 
	at org.apache.shiro.io.ClassResolvingObjectInputStream.resolveClass(ClassResolvingObjectInputStream.java:55)
	at java.io.ObjectInputStream.readNonProxyDesc(ObjectInputStream.java:1613)
	at java.io.ObjectInputStream.readClassDesc(ObjectInputStream.java:1518)
	at java.io.ObjectInputStream.readOrdinaryObject(ObjectInputStream.java:1774)
	at java.io.ObjectInputStream.readObject0(ObjectInputStream.java:1351)
	at java.io.ObjectInputStream.readObject(ObjectInputStream.java:371)
	at java.util.HashSet.readObject(HashSet.java:333)
	at sun.reflect.NativeMethodAccessorImpl.invoke0(Native Method)
	at sun.reflect.NativeMethodAccessorImpl.invoke(NativeMethodAccessorImpl.java:62)
	at sun.reflect.DelegatingMethodAccessorImpl.invoke(DelegatingMethodAccessorImpl.java:43)
	at java.lang.reflect.Method.invoke(Method.java:497)
	at java.io.ObjectStreamClass.invokeReadObject(ObjectStreamClass.java:1058)
	at java.io.ObjectInputStream.readSerialData(ObjectInputStream.java:1900)
	at java.io.ObjectInputStream.readOrdinaryObject(ObjectInputStream.java:1801)
	at java.io.ObjectInputStream.readObject0(ObjectInputStream.java:1351)
	at java.io.ObjectInputStream.readObject(ObjectInputStream.java:371)
	at java.util.HashMap.readObject(HashMap.java:1396)
	at sun.reflect.NativeMethodAccessorImpl.invoke0(Native Method)
	at sun.reflect.NativeMethodAccessorImpl.invoke(NativeMethodAccessorImpl.java:62)
	at sun.reflect.DelegatingMethodAccessorImpl.invoke(DelegatingMethodAccessorImpl.java:43)
	at java.lang.reflect.Method.invoke(Method.java:497)
	at java.io.ObjectStreamClass.invokeReadObject(ObjectStreamClass.java:1058)
	at java.io.ObjectInputStream.readSerialData(ObjectInputStream.java:1900)
	at java.io.ObjectInputStream.readOrdinaryObject(ObjectInputStream.java:1801)
	at java.io.ObjectInputStream.readObject0(ObjectInputStream.java:1351)
	at java.io.ObjectInputStream.defaultReadFields(ObjectInputStream.java:2000)
	at java.io.ObjectInputStream.defaultReadObject(ObjectInputStream.java:501)
	at org.apache.shiro.subject.SimplePrincipalCollection.readObject(SimplePrincipalCollection.java:295)
	at sun.reflect.NativeMethodAccessorImpl.invoke0(Native Method)
	at sun.reflect.NativeMethodAccessorImpl.invoke(NativeMethodAccessorImpl.java:62)
	at sun.reflect.DelegatingMethodAccessorImpl.invoke(DelegatingMethodAccessorImpl.java:43)
	at java.lang.reflect.Method.invoke(Method.java:497)
	at java.io.ObjectStreamClass.invokeReadObject(ObjectStreamClass.java:1058)
	at java.io.ObjectInputStream.readSerialData(ObjectInputStream.java:1900)
	at java.io.ObjectInputStream.readOrdinaryObject(ObjectInputStream.java:1801)
	at java.io.ObjectInputStream.readObject0(ObjectInputStream.java:1351)
	at java.io.ObjectInputStream.readObject(ObjectInputStream.java:371)
	at org.apache.shiro.io.DefaultSerializer.deserialize(DefaultSerializer.java:77)
	... 38 more
Caused by: org.apache.shiro.util.UnknownClassException: Unable to load class named [com.thinkgem.jeesite.modules.sys.security.SystemAuthorizingRealm$Principal] from the thread context, current, or system/application ClassLoaders.  All heuristics have been exhausted.  Class could not be found.
	at org.apache.shiro.util.ClassUtils.forName(ClassUtils.java:148)
	at org.apache.shiro.io.ClassResolvingObjectInputStream.resolveClass(ClassResolvingObjectInputStream.java:53)
	... 75 more
[DEBUG] [2016-08-03 22:33:56][site.nebulas.dao.DailySentenceDao.getDailySentenceByParm]==>  Preparing: select id, sentence, add_time addTime from daily_sentence ORDER BY add_time DESC limit 1 
 [DEBUG] [2016-08-03 22:33:56][site.nebulas.dao.DailySentenceDao.getDailySentenceByParm]==> Parameters: 
 [DEBUG] [2016-08-03 22:33:56][site.nebulas.dao.DailySentenceDao.getDailySentenceByParm]<==      Total: 1
 [DEBUG] [2016-08-03 22:33:56][site.nebulas.dao.DailySentenceDao.getDailySentenceByParm]==>  Preparing: select id, sentence, add_time addTime from daily_sentence ORDER BY add_time DESC limit 1 
 [DEBUG] [2016-08-03 22:33:56][site.nebulas.dao.DailySentenceDao.getDailySentenceByParm]==> Parameters: 
 [DEBUG] [2016-08-03 22:33:56][site.nebulas.dao.DailySentenceDao.getDailySentenceByParm]<==      Total: 1
 [DEBUG] [2016-08-03 22:33:56][site.nebulas.dao.DailySentenceDao.getDailySentenceByParm]==>  Preparing: select id, sentence, add_time addTime from daily_sentence ORDER BY add_time DESC limit 1 
 [DEBUG] [2016-08-03 22:33:56][site.nebulas.dao.DailySentenceDao.getDailySentenceByParm]==> Parameters: 
 [DEBUG] [2016-08-03 22:33:56][site.nebulas.dao.DailySentenceDao.getDailySentenceByParm]<==      Total: 1
 [DEBUG] [2016-08-03 22:34:11][site.nebulas.dao.DailySentenceDao.getDailySentenceByParm]==>  Preparing: select id, sentence, add_time addTime from daily_sentence ORDER BY add_time DESC limit 1 
 [DEBUG] [2016-08-03 22:34:11][site.nebulas.dao.DailySentenceDao.getDailySentenceByParm]==> Parameters: 
 [DEBUG] [2016-08-03 22:34:11][site.nebulas.dao.DailySentenceDao.getDailySentenceByParm]<==      Total: 1
 [DEBUG] [2016-08-03 22:34:11][site.nebulas.dao.DailySentenceDao.getDailySentenceByParm]==>  Preparing: select id, sentence, add_time addTime from daily_sentence ORDER BY add_time DESC limit 1 
 [DEBUG] [2016-08-03 22:34:11][site.nebulas.dao.DailySentenceDao.getDailySentenceByParm]==> Parameters: 
 [DEBUG] [2016-08-03 22:34:11][site.nebulas.dao.DailySentenceDao.getDailySentenceByParm]<==      Total: 1
 [DEBUG] [2016-08-03 22:34:11][site.nebulas.dao.DailySentenceDao.getDailySentenceByParm]==>  Preparing: select id, sentence, add_time addTime from daily_sentence ORDER BY add_time DESC limit 1 
 [DEBUG] [2016-08-03 22:34:11][site.nebulas.dao.DailySentenceDao.getDailySentenceByParm]==> Parameters: 
 [DEBUG] [2016-08-03 22:34:11][site.nebulas.dao.DailySentenceDao.getDailySentenceByParm]<==      Total: 1
 [INFO] [2016-08-03 22:34:59][org.springframework.web.context.ContextLoader]Root WebApplicationContext: initialization started
 [INFO] [2016-08-03 22:34:59][org.springframework.web.context.support.XmlWebApplicationContext]Refreshing Root WebApplicationContext: startup date [Wed Aug 03 22:34:59 CST 2016]; root of context hierarchy
 [INFO] [2016-08-03 22:34:59][org.springframework.beans.factory.xml.XmlBeanDefinitionReader]Loading XML bean definitions from class path resource [spring-mybatis.xml]
 [INFO] [2016-08-03 22:35:00][org.springframework.beans.factory.xml.XmlBeanDefinitionReader]Loading XML bean definitions from class path resource [spring-shiro-web.xml]
 [INFO] [2016-08-03 22:35:01][org.springframework.beans.factory.config.PropertyPlaceholderConfigurer]Loading properties file from class path resource [jdbc.properties]
 [INFO] [2016-08-03 22:35:01][org.springframework.beans.factory.annotation.AutowiredAnnotationBeanPostProcessor]JSR-330 'javax.inject.Inject' annotation found and supported for autowiring
 [INFO] [2016-08-03 22:35:01][org.springframework.context.support.PostProcessorRegistrationDelegate$BeanPostProcessorChecker]Bean 'dataSource' of type [class org.apache.commons.dbcp.BasicDataSource] is not eligible for getting processed by all BeanPostProcessors (for example: not eligible for auto-proxying)
 [INFO] [2016-08-03 22:35:02][org.springframework.context.support.PostProcessorRegistrationDelegate$BeanPostProcessorChecker]Bean 'sqlSessionFactory' of type [class org.mybatis.spring.SqlSessionFactoryBean] is not eligible for getting processed by all BeanPostProcessors (for example: not eligible for auto-proxying)
 [INFO] [2016-08-03 22:35:02][org.springframework.context.support.PostProcessorRegistrationDelegate$BeanPostProcessorChecker]Bean 'sqlSessionFactory' of type [class org.apache.ibatis.session.defaults.DefaultSqlSessionFactory] is not eligible for getting processed by all BeanPostProcessors (for example: not eligible for auto-proxying)
 [INFO] [2016-08-03 22:35:02][org.springframework.context.support.PostProcessorRegistrationDelegate$BeanPostProcessorChecker]Bean 'userDao' of type [class org.mybatis.spring.mapper.MapperFactoryBean] is not eligible for getting processed by all BeanPostProcessors (for example: not eligible for auto-proxying)
 [INFO] [2016-08-03 22:35:02][org.springframework.context.support.PostProcessorRegistrationDelegate$BeanPostProcessorChecker]Bean 'userDao' of type [class com.sun.proxy.$Proxy14] is not eligible for getting processed by all BeanPostProcessors (for example: not eligible for auto-proxying)
 [INFO] [2016-08-03 22:35:02][org.springframework.context.support.PostProcessorRegistrationDelegate$BeanPostProcessorChecker]Bean 'userService' of type [class site.nebulas.service.UserService] is not eligible for getting processed by all BeanPostProcessors (for example: not eligible for auto-proxying)
 [INFO] [2016-08-03 22:35:05][org.springframework.context.support.PostProcessorRegistrationDelegate$BeanPostProcessorChecker]Bean 'cacheManager' of type [class org.apache.shiro.cache.ehcache.EhCacheManager] is not eligible for getting processed by all BeanPostProcessors (for example: not eligible for auto-proxying)
 [INFO] [2016-08-03 22:35:05][org.apache.shiro.cache.ehcache.EhCacheManager]Using existing EHCache named [passwordRetryCache]
 [INFO] [2016-08-03 22:35:05][org.springframework.context.support.PostProcessorRegistrationDelegate$BeanPostProcessorChecker]Bean 'credentialsMatcher' of type [class site.nebulas.credentials.RetryLimitHashedCredentialsMatcher] is not eligible for getting processed by all BeanPostProcessors (for example: not eligible for auto-proxying)
 [INFO] [2016-08-03 22:35:05][org.apache.shiro.realm.AuthorizingRealm]No cache or cacheManager properties have been set.  Authorization cache cannot be obtained.
 [INFO] [2016-08-03 22:35:05][org.springframework.context.support.PostProcessorRegistrationDelegate$BeanPostProcessorChecker]Bean 'userRealm' of type [class site.nebulas.realm.UserRealm] is not eligible for getting processed by all BeanPostProcessors (for example: not eligible for auto-proxying)
 [INFO] [2016-08-03 22:35:05][org.springframework.context.support.PostProcessorRegistrationDelegate$BeanPostProcessorChecker]Bean 'sessionValidationScheduler' of type [class org.apache.shiro.session.mgt.quartz.QuartzSessionValidationScheduler] is not eligible for getting processed by all BeanPostProcessors (for example: not eligible for auto-proxying)
 [INFO] [2016-08-03 22:35:05][org.springframework.context.support.PostProcessorRegistrationDelegate$BeanPostProcessorChecker]Bean 'sessionIdGenerator' of type [class org.apache.shiro.session.mgt.eis.JavaUuidSessionIdGenerator] is not eligible for getting processed by all BeanPostProcessors (for example: not eligible for auto-proxying)
 [INFO] [2016-08-03 22:35:05][org.springframework.context.support.PostProcessorRegistrationDelegate$BeanPostProcessorChecker]Bean 'sessionDAO' of type [class org.apache.shiro.session.mgt.eis.EnterpriseCacheSessionDAO] is not eligible for getting processed by all BeanPostProcessors (for example: not eligible for auto-proxying)
 [INFO] [2016-08-03 22:35:05][org.springframework.context.support.PostProcessorRegistrationDelegate$BeanPostProcessorChecker]Bean 'sessionIdCookie' of type [class org.apache.shiro.web.servlet.SimpleCookie] is not eligible for getting processed by all BeanPostProcessors (for example: not eligible for auto-proxying)
 [INFO] [2016-08-03 22:35:05][org.springframework.context.support.PostProcessorRegistrationDelegate$BeanPostProcessorChecker]Bean 'sessionManager' of type [class org.apache.shiro.web.session.mgt.DefaultWebSessionManager] is not eligible for getting processed by all BeanPostProcessors (for example: not eligible for auto-proxying)
 [INFO] [2016-08-03 22:35:05][org.apache.shiro.cache.ehcache.EhCacheManager]Using existing EHCache named [authenticationCache]
 [INFO] [2016-08-03 22:35:05][org.apache.shiro.cache.ehcache.EhCacheManager]Using existing EHCache named [authorizationCache]
 [INFO] [2016-08-03 22:35:05][org.springframework.context.support.PostProcessorRegistrationDelegate$BeanPostProcessorChecker]Bean 'securityManager' of type [class org.apache.shiro.web.mgt.DefaultWebSecurityManager] is not eligible for getting processed by all BeanPostProcessors (for example: not eligible for auto-proxying)
 [INFO] [2016-08-03 22:35:05][org.springframework.context.support.PostProcessorRegistrationDelegate$BeanPostProcessorChecker]Bean 'formAuthenticationFilter' of type [class org.apache.shiro.web.filter.authc.FormAuthenticationFilter] is not eligible for getting processed by all BeanPostProcessors (for example: not eligible for auto-proxying)
 [INFO] [2016-08-03 22:35:05][org.springframework.context.support.PostProcessorRegistrationDelegate$BeanPostProcessorChecker]Bean 'util:map#335972a5' of type [class org.springframework.beans.factory.config.MapFactoryBean] is not eligible for getting processed by all BeanPostProcessors (for example: not eligible for auto-proxying)
 [INFO] [2016-08-03 22:35:05][org.springframework.context.support.PostProcessorRegistrationDelegate$BeanPostProcessorChecker]Bean 'util:map#335972a5' of type [class java.util.LinkedHashMap] is not eligible for getting processed by all BeanPostProcessors (for example: not eligible for auto-proxying)
 [INFO] [2016-08-03 22:35:06][org.springframework.web.context.ContextLoader]Root WebApplicationContext: initialization completed in 6484 ms
 [INFO] [2016-08-03 22:35:06][org.springframework.web.servlet.DispatcherServlet]FrameworkServlet 'SpringMVC': initialization started
 [INFO] [2016-08-03 22:35:06][org.springframework.web.context.support.XmlWebApplicationContext]Refreshing WebApplicationContext for namespace 'SpringMVC-servlet': startup date [Wed Aug 03 22:35:06 CST 2016]; parent: Root WebApplicationContext
 [INFO] [2016-08-03 22:35:06][org.springframework.beans.factory.xml.XmlBeanDefinitionReader]Loading XML bean definitions from class path resource [spring-mvc.xml]
 [INFO] [2016-08-03 22:35:06][org.springframework.beans.factory.annotation.AutowiredAnnotationBeanPostProcessor]JSR-330 'javax.inject.Inject' annotation found and supported for autowiring
 [INFO] [2016-08-03 22:35:07][org.springframework.web.servlet.mvc.method.annotation.RequestMappingHandlerMapping]Mapped "{[/book],methods=[],params=[],headers=[],consumes=[],produces=[],custom=[]}" onto public org.springframework.web.servlet.ModelAndView site.nebulas.controller.BookController.operationLog()
 [INFO] [2016-08-03 22:35:07][org.springframework.web.servlet.mvc.method.annotation.RequestMappingHandlerMapping]Mapped "{[/bookQueryByParam],methods=[],params=[],headers=[],consumes=[],produces=[],custom=[]}" onto public java.lang.Object site.nebulas.controller.BookController.bookQueryByParam(site.nebulas.beans.Book)
 [INFO] [2016-08-03 22:35:07][org.springframework.web.servlet.mvc.method.annotation.RequestMappingHandlerMapping]Mapped "{[/hello],methods=[],params=[],headers=[],consumes=[],produces=[],custom=[]}" onto public java.lang.String site.nebulas.controller.helloController.hello()
 [INFO] [2016-08-03 22:35:07][org.springframework.web.servlet.mvc.method.annotation.RequestMappingHandlerMapping]Mapped "{[/index],methods=[],params=[],headers=[],consumes=[],produces=[],custom=[]}" onto public org.springframework.web.servlet.ModelAndView site.nebulas.controller.ShiroController.index()
 [INFO] [2016-08-03 22:35:07][org.springframework.web.servlet.mvc.method.annotation.RequestMappingHandlerMapping]Mapped "{[/login],methods=[],params=[],headers=[],consumes=[],produces=[],custom=[]}" onto public org.springframework.web.servlet.ModelAndView site.nebulas.controller.ShiroController.login()
 [INFO] [2016-08-03 22:35:07][org.springframework.web.servlet.mvc.method.annotation.RequestMappingHandlerMapping]Mapped "{[/loginIn],methods=[],params=[],headers=[],consumes=[],produces=[],custom=[]}" onto public java.lang.Object site.nebulas.controller.ShiroController.loginIn(site.nebulas.beans.User)
 [INFO] [2016-08-03 22:35:08][org.springframework.web.servlet.handler.SimpleUrlHandlerMapping]Mapped URL path [/resources/**] onto handler 'org.springframework.web.servlet.resource.ResourceHttpRequestHandler#0'
 [INFO] [2016-08-03 22:35:08][org.springframework.web.servlet.handler.SimpleUrlHandlerMapping]Mapped URL path [/static/**] onto handler 'org.springframework.web.servlet.resource.ResourceHttpRequestHandler#1'
 [INFO] [2016-08-03 22:35:08][org.springframework.web.servlet.DispatcherServlet]FrameworkServlet 'SpringMVC': initialization completed in 2760 ms
 [INFO] [2016-08-03 22:35:15][org.apache.shiro.session.mgt.AbstractValidatingSessionManager]Enabling session validation scheduler...
 [INFO] [2016-08-03 22:35:15][org.quartz.simpl.SimpleThreadPool]Job execution threads will use class loader of thread: qtp832947102-25
 [INFO] [2016-08-03 22:35:15][org.quartz.core.SchedulerSignalerImpl]Initialized Scheduler Signaller of type: class org.quartz.core.SchedulerSignalerImpl
 [INFO] [2016-08-03 22:35:15][org.quartz.core.QuartzScheduler]Quartz Scheduler v.1.6.1 created.
 [INFO] [2016-08-03 22:35:15][org.quartz.simpl.RAMJobStore]RAMJobStore initialized.
 [INFO] [2016-08-03 22:35:15][org.quartz.impl.StdSchedulerFactory]Quartz scheduler 'DefaultQuartzScheduler' initialized from default resource file in Quartz package: 'quartz.properties'
 [INFO] [2016-08-03 22:35:15][org.quartz.impl.StdSchedulerFactory]Quartz scheduler version: 1.6.1
 [INFO] [2016-08-03 22:35:15][org.quartz.core.QuartzScheduler]Scheduler DefaultQuartzScheduler_$_NON_CLUSTERED started.
 [INFO] [2016-08-03 22:35:15][org.apache.shiro.cache.ehcache.EhCacheManager]Using existing EHCache named [shiro-activeSessionCache]
 [INFO] [2016-08-03 22:35:15][org.apache.shiro.session.mgt.AbstractValidatingSessionManager]Validating all active sessions...
 [INFO] [2016-08-03 22:35:16][org.apache.shiro.session.mgt.AbstractValidatingSessionManager]Finished session validation.  No sessions were stopped.
 [DEBUG] [2016-08-03 22:35:17][site.nebulas.dao.DailySentenceDao.getDailySentenceByParm]==>  Preparing: select id, sentence, add_time addTime from daily_sentence ORDER BY add_time DESC limit 1 
 [DEBUG] [2016-08-03 22:35:17][site.nebulas.dao.DailySentenceDao.getDailySentenceByParm]==> Parameters: 
 [DEBUG] [2016-08-03 22:35:17][site.nebulas.dao.DailySentenceDao.getDailySentenceByParm]<==      Total: 1
 [DEBUG] [2016-08-03 22:35:17][site.nebulas.dao.DailySentenceDao.getDailySentenceByParm]==>  Preparing: select id, sentence, add_time addTime from daily_sentence ORDER BY add_time DESC limit 1 
 [DEBUG] [2016-08-03 22:35:17][site.nebulas.dao.DailySentenceDao.getDailySentenceByParm]==> Parameters: 
 [DEBUG] [2016-08-03 22:35:17][site.nebulas.dao.DailySentenceDao.getDailySentenceByParm]<==      Total: 1
 [DEBUG] [2016-08-03 22:35:17][site.nebulas.dao.DailySentenceDao.getDailySentenceByParm]==>  Preparing: select id, sentence, add_time addTime from daily_sentence ORDER BY add_time DESC limit 1 
 [DEBUG] [2016-08-03 22:35:17][site.nebulas.dao.DailySentenceDao.getDailySentenceByParm]==> Parameters: 
 [DEBUG] [2016-08-03 22:35:17][site.nebulas.dao.DailySentenceDao.getDailySentenceByParm]<==      Total: 1
 [DEBUG] [2016-08-03 22:35:17][site.nebulas.dao.DailySentenceDao.getDailySentenceByParm]==>  Preparing: select id, sentence, add_time addTime from daily_sentence ORDER BY add_time DESC limit 1 
 [DEBUG] [2016-08-03 22:35:17][site.nebulas.dao.DailySentenceDao.getDailySentenceByParm]==> Parameters: 
 [DEBUG] [2016-08-03 22:35:17][site.nebulas.dao.DailySentenceDao.getDailySentenceByParm]<==      Total: 1
 [INFO] [2016-08-03 22:36:09][org.springframework.web.context.ContextLoader]Root WebApplicationContext: initialization started
 [INFO] [2016-08-03 22:36:10][org.springframework.web.context.support.XmlWebApplicationContext]Refreshing Root WebApplicationContext: startup date [Wed Aug 03 22:36:10 CST 2016]; root of context hierarchy
 [INFO] [2016-08-03 22:36:10][org.springframework.beans.factory.xml.XmlBeanDefinitionReader]Loading XML bean definitions from class path resource [spring-mybatis.xml]
 [INFO] [2016-08-03 22:36:10][org.springframework.beans.factory.xml.XmlBeanDefinitionReader]Loading XML bean definitions from class path resource [spring-shiro-web.xml]
 [INFO] [2016-08-03 22:36:11][org.springframework.beans.factory.config.PropertyPlaceholderConfigurer]Loading properties file from class path resource [jdbc.properties]
 [INFO] [2016-08-03 22:36:11][org.springframework.beans.factory.annotation.AutowiredAnnotationBeanPostProcessor]JSR-330 'javax.inject.Inject' annotation found and supported for autowiring
 [INFO] [2016-08-03 22:36:11][org.springframework.context.support.PostProcessorRegistrationDelegate$BeanPostProcessorChecker]Bean 'dataSource' of type [class org.apache.commons.dbcp.BasicDataSource] is not eligible for getting processed by all BeanPostProcessors (for example: not eligible for auto-proxying)
 [INFO] [2016-08-03 22:36:12][org.springframework.context.support.PostProcessorRegistrationDelegate$BeanPostProcessorChecker]Bean 'sqlSessionFactory' of type [class org.mybatis.spring.SqlSessionFactoryBean] is not eligible for getting processed by all BeanPostProcessors (for example: not eligible for auto-proxying)
 [INFO] [2016-08-03 22:36:12][org.springframework.context.support.PostProcessorRegistrationDelegate$BeanPostProcessorChecker]Bean 'sqlSessionFactory' of type [class org.apache.ibatis.session.defaults.DefaultSqlSessionFactory] is not eligible for getting processed by all BeanPostProcessors (for example: not eligible for auto-proxying)
 [INFO] [2016-08-03 22:36:12][org.springframework.context.support.PostProcessorRegistrationDelegate$BeanPostProcessorChecker]Bean 'userDao' of type [class org.mybatis.spring.mapper.MapperFactoryBean] is not eligible for getting processed by all BeanPostProcessors (for example: not eligible for auto-proxying)
 [INFO] [2016-08-03 22:36:12][org.springframework.context.support.PostProcessorRegistrationDelegate$BeanPostProcessorChecker]Bean 'userDao' of type [class com.sun.proxy.$Proxy14] is not eligible for getting processed by all BeanPostProcessors (for example: not eligible for auto-proxying)
 [INFO] [2016-08-03 22:36:12][org.springframework.context.support.PostProcessorRegistrationDelegate$BeanPostProcessorChecker]Bean 'userService' of type [class site.nebulas.service.UserService] is not eligible for getting processed by all BeanPostProcessors (for example: not eligible for auto-proxying)
 [INFO] [2016-08-03 22:36:13][org.springframework.context.support.PostProcessorRegistrationDelegate$BeanPostProcessorChecker]Bean 'cacheManager' of type [class org.apache.shiro.cache.ehcache.EhCacheManager] is not eligible for getting processed by all BeanPostProcessors (for example: not eligible for auto-proxying)
 [INFO] [2016-08-03 22:36:13][org.apache.shiro.cache.ehcache.EhCacheManager]Using existing EHCache named [passwordRetryCache]
 [INFO] [2016-08-03 22:36:13][org.springframework.context.support.PostProcessorRegistrationDelegate$BeanPostProcessorChecker]Bean 'credentialsMatcher' of type [class site.nebulas.credentials.RetryLimitHashedCredentialsMatcher] is not eligible for getting processed by all BeanPostProcessors (for example: not eligible for auto-proxying)
 [INFO] [2016-08-03 22:36:13][org.apache.shiro.realm.AuthorizingRealm]No cache or cacheManager properties have been set.  Authorization cache cannot be obtained.
 [INFO] [2016-08-03 22:36:13][org.springframework.context.support.PostProcessorRegistrationDelegate$BeanPostProcessorChecker]Bean 'userRealm' of type [class site.nebulas.realm.UserRealm] is not eligible for getting processed by all BeanPostProcessors (for example: not eligible for auto-proxying)
 [INFO] [2016-08-03 22:36:13][org.springframework.context.support.PostProcessorRegistrationDelegate$BeanPostProcessorChecker]Bean 'sessionValidationScheduler' of type [class org.apache.shiro.session.mgt.quartz.QuartzSessionValidationScheduler] is not eligible for getting processed by all BeanPostProcessors (for example: not eligible for auto-proxying)
 [INFO] [2016-08-03 22:36:14][org.springframework.context.support.PostProcessorRegistrationDelegate$BeanPostProcessorChecker]Bean 'sessionIdGenerator' of type [class org.apache.shiro.session.mgt.eis.JavaUuidSessionIdGenerator] is not eligible for getting processed by all BeanPostProcessors (for example: not eligible for auto-proxying)
 [INFO] [2016-08-03 22:36:14][org.springframework.context.support.PostProcessorRegistrationDelegate$BeanPostProcessorChecker]Bean 'sessionDAO' of type [class org.apache.shiro.session.mgt.eis.EnterpriseCacheSessionDAO] is not eligible for getting processed by all BeanPostProcessors (for example: not eligible for auto-proxying)
 [INFO] [2016-08-03 22:36:14][org.springframework.context.support.PostProcessorRegistrationDelegate$BeanPostProcessorChecker]Bean 'sessionIdCookie' of type [class org.apache.shiro.web.servlet.SimpleCookie] is not eligible for getting processed by all BeanPostProcessors (for example: not eligible for auto-proxying)
 [INFO] [2016-08-03 22:36:14][org.springframework.context.support.PostProcessorRegistrationDelegate$BeanPostProcessorChecker]Bean 'sessionManager' of type [class org.apache.shiro.web.session.mgt.DefaultWebSessionManager] is not eligible for getting processed by all BeanPostProcessors (for example: not eligible for auto-proxying)
 [INFO] [2016-08-03 22:36:14][org.apache.shiro.cache.ehcache.EhCacheManager]Using existing EHCache named [authenticationCache]
 [INFO] [2016-08-03 22:36:14][org.apache.shiro.cache.ehcache.EhCacheManager]Using existing EHCache named [authorizationCache]
 [INFO] [2016-08-03 22:36:14][org.springframework.context.support.PostProcessorRegistrationDelegate$BeanPostProcessorChecker]Bean 'securityManager' of type [class org.apache.shiro.web.mgt.DefaultWebSecurityManager] is not eligible for getting processed by all BeanPostProcessors (for example: not eligible for auto-proxying)
 [INFO] [2016-08-03 22:36:14][org.springframework.context.support.PostProcessorRegistrationDelegate$BeanPostProcessorChecker]Bean 'formAuthenticationFilter' of type [class org.apache.shiro.web.filter.authc.FormAuthenticationFilter] is not eligible for getting processed by all BeanPostProcessors (for example: not eligible for auto-proxying)
 [INFO] [2016-08-03 22:36:14][org.springframework.context.support.PostProcessorRegistrationDelegate$BeanPostProcessorChecker]Bean 'util:map#59a2bed1' of type [class org.springframework.beans.factory.config.MapFactoryBean] is not eligible for getting processed by all BeanPostProcessors (for example: not eligible for auto-proxying)
 [INFO] [2016-08-03 22:36:14][org.springframework.context.support.PostProcessorRegistrationDelegate$BeanPostProcessorChecker]Bean 'util:map#59a2bed1' of type [class java.util.LinkedHashMap] is not eligible for getting processed by all BeanPostProcessors (for example: not eligible for auto-proxying)
 [INFO] [2016-08-03 22:36:14][org.springframework.web.context.ContextLoader]Root WebApplicationContext: initialization completed in 4630 ms
 [INFO] [2016-08-03 22:36:14][org.springframework.web.servlet.DispatcherServlet]FrameworkServlet 'SpringMVC': initialization started
 [INFO] [2016-08-03 22:36:14][org.springframework.web.context.support.XmlWebApplicationContext]Refreshing WebApplicationContext for namespace 'SpringMVC-servlet': startup date [Wed Aug 03 22:36:14 CST 2016]; parent: Root WebApplicationContext
 [INFO] [2016-08-03 22:36:14][org.springframework.beans.factory.xml.XmlBeanDefinitionReader]Loading XML bean definitions from class path resource [spring-mvc.xml]
 [INFO] [2016-08-03 22:36:15][org.springframework.beans.factory.annotation.AutowiredAnnotationBeanPostProcessor]JSR-330 'javax.inject.Inject' annotation found and supported for autowiring
 [INFO] [2016-08-03 22:36:15][org.springframework.web.servlet.mvc.method.annotation.RequestMappingHandlerMapping]Mapped "{[/book],methods=[],params=[],headers=[],consumes=[],produces=[],custom=[]}" onto public org.springframework.web.servlet.ModelAndView site.nebulas.controller.BookController.operationLog()
 [INFO] [2016-08-03 22:36:15][org.springframework.web.servlet.mvc.method.annotation.RequestMappingHandlerMapping]Mapped "{[/bookQueryByParam],methods=[],params=[],headers=[],consumes=[],produces=[],custom=[]}" onto public java.lang.Object site.nebulas.controller.BookController.bookQueryByParam(site.nebulas.beans.Book)
 [INFO] [2016-08-03 22:36:15][org.springframework.web.servlet.mvc.method.annotation.RequestMappingHandlerMapping]Mapped "{[/hello],methods=[],params=[],headers=[],consumes=[],produces=[],custom=[]}" onto public java.lang.String site.nebulas.controller.helloController.hello()
 [INFO] [2016-08-03 22:36:15][org.springframework.web.servlet.mvc.method.annotation.RequestMappingHandlerMapping]Mapped "{[/index],methods=[],params=[],headers=[],consumes=[],produces=[],custom=[]}" onto public org.springframework.web.servlet.ModelAndView site.nebulas.controller.ShiroController.index()
 [INFO] [2016-08-03 22:36:15][org.springframework.web.servlet.mvc.method.annotation.RequestMappingHandlerMapping]Mapped "{[/login],methods=[],params=[],headers=[],consumes=[],produces=[],custom=[]}" onto public org.springframework.web.servlet.ModelAndView site.nebulas.controller.ShiroController.login()
 [INFO] [2016-08-03 22:36:15][org.springframework.web.servlet.mvc.method.annotation.RequestMappingHandlerMapping]Mapped "{[/loginIn],methods=[],params=[],headers=[],consumes=[],produces=[],custom=[]}" onto public java.lang.Object site.nebulas.controller.ShiroController.loginIn(site.nebulas.beans.User)
 [INFO] [2016-08-03 22:36:16][net.sf.ehcache.util.UpdateChecker]New update(s) found: 2.6.5 [http://www.terracotta.org/confluence/display/release/Release+Notes+Ehcache+Core+2.6]. Please check http://ehcache.org for the latest version.
 [INFO] [2016-08-03 22:36:17][org.springframework.web.servlet.handler.SimpleUrlHandlerMapping]Mapped URL path [/resources/**] onto handler 'org.springframework.web.servlet.resource.ResourceHttpRequestHandler#0'
 [INFO] [2016-08-03 22:36:17][org.springframework.web.servlet.handler.SimpleUrlHandlerMapping]Mapped URL path [/static/**] onto handler 'org.springframework.web.servlet.resource.ResourceHttpRequestHandler#1'
 [INFO] [2016-08-03 22:36:17][org.springframework.web.servlet.DispatcherServlet]FrameworkServlet 'SpringMVC': initialization completed in 3069 ms
 [INFO] [2016-08-03 22:36:44][org.apache.shiro.session.mgt.AbstractValidatingSessionManager]Enabling session validation scheduler...
 [INFO] [2016-08-03 22:36:44][org.quartz.simpl.SimpleThreadPool]Job execution threads will use class loader of thread: qtp832947102-23
 [INFO] [2016-08-03 22:36:44][org.quartz.core.SchedulerSignalerImpl]Initialized Scheduler Signaller of type: class org.quartz.core.SchedulerSignalerImpl
 [INFO] [2016-08-03 22:36:44][org.quartz.core.QuartzScheduler]Quartz Scheduler v.1.6.1 created.
 [INFO] [2016-08-03 22:36:44][org.quartz.simpl.RAMJobStore]RAMJobStore initialized.
 [INFO] [2016-08-03 22:36:44][org.quartz.impl.StdSchedulerFactory]Quartz scheduler 'DefaultQuartzScheduler' initialized from default resource file in Quartz package: 'quartz.properties'
 [INFO] [2016-08-03 22:36:44][org.quartz.impl.StdSchedulerFactory]Quartz scheduler version: 1.6.1
 [INFO] [2016-08-03 22:36:44][org.quartz.core.QuartzScheduler]Scheduler DefaultQuartzScheduler_$_NON_CLUSTERED started.
 [INFO] [2016-08-03 22:36:44][org.apache.shiro.cache.ehcache.EhCacheManager]Using existing EHCache named [shiro-activeSessionCache]
 [INFO] [2016-08-03 22:36:44][org.apache.shiro.session.mgt.AbstractValidatingSessionManager]Validating all active sessions...
 [INFO] [2016-08-03 22:36:44][org.apache.shiro.session.mgt.AbstractValidatingSessionManager]Finished session validation.  No sessions were stopped.
 [DEBUG] [2016-08-03 22:36:45][site.nebulas.dao.DailySentenceDao.getDailySentenceByParm]==>  Preparing: select id, sentence, add_time addTime from daily_sentence ORDER BY add_time DESC limit 1 
 [DEBUG] [2016-08-03 22:36:45][site.nebulas.dao.DailySentenceDao.getDailySentenceByParm]==> Parameters: 
 [DEBUG] [2016-08-03 22:36:46][site.nebulas.dao.DailySentenceDao.getDailySentenceByParm]<==      Total: 1
 [DEBUG] [2016-08-03 22:36:46][site.nebulas.dao.DailySentenceDao.getDailySentenceByParm]==>  Preparing: select id, sentence, add_time addTime from daily_sentence ORDER BY add_time DESC limit 1 
 [DEBUG] [2016-08-03 22:36:46][site.nebulas.dao.DailySentenceDao.getDailySentenceByParm]==> Parameters: 
 [DEBUG] [2016-08-03 22:36:46][site.nebulas.dao.DailySentenceDao.getDailySentenceByParm]<==      Total: 1
 [DEBUG] [2016-08-03 22:36:46][site.nebulas.dao.DailySentenceDao.getDailySentenceByParm]==>  Preparing: select id, sentence, add_time addTime from daily_sentence ORDER BY add_time DESC limit 1 
 [DEBUG] [2016-08-03 22:36:46][site.nebulas.dao.DailySentenceDao.getDailySentenceByParm]==> Parameters: 
 [DEBUG] [2016-08-03 22:36:46][site.nebulas.dao.DailySentenceDao.getDailySentenceByParm]<==      Total: 1
 [DEBUG] [2016-08-03 22:36:46][site.nebulas.dao.DailySentenceDao.getDailySentenceByParm]==>  Preparing: select id, sentence, add_time addTime from daily_sentence ORDER BY add_time DESC limit 1 
 [DEBUG] [2016-08-03 22:36:46][site.nebulas.dao.DailySentenceDao.getDailySentenceByParm]==> Parameters: 
 [DEBUG] [2016-08-03 22:36:46][site.nebulas.dao.DailySentenceDao.getDailySentenceByParm]<==      Total: 1
 